0 info it worked if it ends with ok
1 verbose cli [ 'C:\\SDK\\node\\node.exe',
1 verbose cli   'C:\\SDK\\node\\node_modules\\npm\\bin\\npm-cli.js',
1 verbose cli   'install',
1 verbose cli   '-g',
1 verbose cli   'n' ]
2 info using npm@3.6.0
3 info using node@v5.6.0
4 silly loadCurrentTree Starting
5 silly install loadCurrentTree
6 silly install readGlobalPackageData
7 silly fetchPackageMetaData n
8 silly fetchNamedPackageData n
9 silly mapToRegistry name n
10 silly mapToRegistry using default registry
11 silly mapToRegistry registry https://registry.npmjs.org/
12 silly mapToRegistry uri https://registry.npmjs.org/n
13 verbose request uri https://registry.npmjs.org/n
14 verbose request no auth needed
15 info attempt registry request try #1 at 19:11:20
16 verbose request id b3d527036021b088
17 http request GET https://registry.npmjs.org/n
18 http 200 https://registry.npmjs.org/n
19 verbose headers { server: 'CouchDB/1.5.0 (Erlang OTP/R16B03)',
19 verbose headers   etag: '"AL5RQHIZ0S2RY5U35V53SPLGU"',
19 verbose headers   'content-type': 'application/json',
19 verbose headers   'content-encoding': 'gzip',
19 verbose headers   'cache-control': 'max-age=300',
19 verbose headers   'content-length': '12041',
19 verbose headers   'accept-ranges': 'bytes',
19 verbose headers   date: 'Thu, 01 Sep 2016 22:14:41 GMT',
19 verbose headers   via: '1.1 varnish',
19 verbose headers   age: '0',
19 verbose headers   connection: 'keep-alive',
19 verbose headers   'x-served-by': 'cache-gru7120-GRU',
19 verbose headers   'x-cache': 'MISS',
19 verbose headers   'x-cache-hits': '0',
19 verbose headers   'x-timer': 'S1472768080.800534,VS0,VE843',
19 verbose headers   vary: 'Accept-Encoding' }
20 silly get cb [ 200,
20 silly get   { server: 'CouchDB/1.5.0 (Erlang OTP/R16B03)',
20 silly get     etag: '"AL5RQHIZ0S2RY5U35V53SPLGU"',
20 silly get     'content-type': 'application/json',
20 silly get     'content-encoding': 'gzip',
20 silly get     'cache-control': 'max-age=300',
20 silly get     'content-length': '12041',
20 silly get     'accept-ranges': 'bytes',
20 silly get     date: 'Thu, 01 Sep 2016 22:14:41 GMT',
20 silly get     via: '1.1 varnish',
20 silly get     age: '0',
20 silly get     connection: 'keep-alive',
20 silly get     'x-served-by': 'cache-gru7120-GRU',
20 silly get     'x-cache': 'MISS',
20 silly get     'x-cache-hits': '0',
20 silly get     'x-timer': 'S1472768080.800534,VS0,VE843',
20 silly get     vary: 'Accept-Encoding' } ]
21 verbose get saving n to C:\Users\lauti\AppData\Roaming\npm-cache\registry.npmjs.org\n\.cache.json
22 verbose correctMkdir C:\Users\lauti\AppData\Roaming\npm-cache correctMkdir not in flight; initializing
23 verbose makeDirectory C:\Users\lauti\AppData\Roaming\npm-cache creation not in flight; initializing
24 verbose makeCacheDir UID & GID are irrelevant on win32
25 silly install normalizeTree
26 silly loadCurrentTree Finishing
27 silly loadIdealTree Starting
28 silly install loadIdealTree
29 silly cloneCurrentTree Starting
30 silly install cloneCurrentTreeToIdealTree
31 silly cloneCurrentTree Finishing
32 silly loadShrinkwrap Starting
33 silly install loadShrinkwrap
34 silly loadShrinkwrap Finishing
35 silly loadAllDepsIntoIdealTree Starting
36 silly install loadAllDepsIntoIdealTree
37 silly rollbackFailedOptional Starting
38 silly rollbackFailedOptional Finishing
39 silly runTopLevelLifecycles Starting
40 silly runTopLevelLifecycles Finishing
41 silly install printInstalled
42 verbose stack Error: Unsupported platform for n@2.1.4: wanted {"name":"n","description":"Interactively Manage All Your Node Versions","version":"2.1.4","author":{"name":"TJ Holowaychuk","email":"tj@vision-media.ca"},"homepage":"https://github.com/tj/n","bugs":{"url":"https://github.com/tj/n/issues"},"contributors":[{"name":"Travis Webb","email":"me@traviswebb.com","url":"tjw.io"},{"name":"Nimit Kalra","email":"me@nimit.io","url":"http://nimit.io"},{"name":"Troy Connor","email":"troy0820@gmail.com","url":"https://github.com/troy0820"}],"keywords":["nvm","node","version","manager","switcher","node","binary","env"],"bin":{"n":"./bin/n"},"repository":{"type":"git","url":"git://github.com/tj/n.git"},"preferGlobal":true,"os":["!win32"],"engines":{"node":"*"},"license":"MIT","gitHead":"ff9ba303d972069903c0f951ece43f47adce24e8","_id":"n@2.1.4","scripts":{},"_npmVersion":"3.10.3","_nodeVersion":"6.3.1","_npmUser":{"name":"qw3rtman","email":"me@nimit.io"},"dist":{"shasum":"7546bc467a120cc96718f2716cd86c43290f94c5","tarball":"https://registry.npmjs.org/n/-/n-2.1.4.tgz"},"maintainers":[{"name":"bat","email":"ben@benatkin.com"},{"name":"qw3rtman","email":"nimit@nimitkalra.com"},{"name":"tedgaydos","email":"tedgaydos@gmail.com"},{"name":"tjholowaychuk","email":"tj@vision-media.ca"},{"name":"tjwebb","email":"me@traviswebb.com"},{"name":"troy0820","email":"troy.connor@yahoo.com"}],"_npmOperationalInternal":{"host":"packages-16-east.internal.npmjs.com","tmp":"tmp/n-2.1.4.tgz_1470600124670_0.21058935346081853"},"directories":{},"_requested":{"raw":"n","scope":null,"name":"n","rawSpec":"","spec":"latest","type":"tag"},"_spec":"n","_where":"","_args":[["n",""]],"readme":"ERROR: No README data found!"} (current: {"os":"win32","cpu":"x64"})
42 verbose stack     at checkPlatform (C:\SDK\node\node_modules\npm\node_modules\npm-install-checks\index.js:45:14)
42 verbose stack     at thenWarnEngineIssues (C:\SDK\node\node_modules\npm\lib\install\validate-args.js:41:5)
42 verbose stack     at C:\SDK\node\node_modules\npm\node_modules\iferr\index.js:13:50
42 verbose stack     at checkEngine (C:\SDK\node\node_modules\npm\node_modules\npm-install-checks\index.js:24:10)
42 verbose stack     at module.exports.isInstallable (C:\SDK\node\node_modules\npm\lib\install\validate-args.js:38:3)
42 verbose stack     at Array.<anonymous> (C:\SDK\node\node_modules\npm\node_modules\slide\lib\bind-actor.js:15:8)
42 verbose stack     at LOOP (C:\SDK\node\node_modules\npm\node_modules\slide\lib\chain.js:15:14)
42 verbose stack     at C:\SDK\node\node_modules\npm\node_modules\slide\lib\chain.js:18:7
42 verbose stack     at checkSelf (C:\SDK\node\node_modules\npm\lib\install\validate-args.js:46:72)
42 verbose stack     at Array.<anonymous> (C:\SDK\node\node_modules\npm\node_modules\slide\lib\bind-actor.js:15:8)
43 verbose pkgid n@2.1.4
44 verbose cwd C:\ctsfest\bubbles
45 error Windows_NT 10.0.10586
46 error argv "C:\\SDK\\node\\node.exe" "C:\\SDK\\node\\node_modules\\npm\\bin\\npm-cli.js" "install" "-g" "n"
47 error node v5.6.0
48 error npm  v3.6.0
49 error code EBADPLATFORM
50 error notsup Not compatible with your operating system or architecture: n@2.1.4
51 error notsup Valid OS:    !win32
51 error notsup Valid Arch:  any
51 error notsup Actual OS:   win32
51 error notsup Actual Arch: x64
52 verbose exit [ 1, true ]
